0 info it worked if it ends with ok
1 verbose cli [ 'C:\\Program Files\\nodejs\\node.exe',
1 verbose cli   'C:\\Program Files\\nodejs\\node_modules\\npm\\bin\\npm-cli.js',
1 verbose cli   'i',
1 verbose cli   '--save-dev',
1 verbose cli   'eslint-config-google@latest' ]
2 info using npm@3.8.6
3 info using node@v6.1.0
4 silly loadCurrentTree Starting
5 silly install loadCurrentTree
6 silly install readLocalPackageData
7 silly fetchPackageMetaData eslint-config-google@latest
8 silly fetchNamedPackageData eslint-config-google
9 silly mapToRegistry name eslint-config-google
10 silly mapToRegistry using default registry
11 silly mapToRegistry registry https://repo.usaa.com/artifactory/api/npm/usaa-npm
12 silly mapToRegistry data Result {
12 silly mapToRegistry   raw: 'eslint-config-google',
12 silly mapToRegistry   scope: null,
12 silly mapToRegistry   name: 'eslint-config-google',
12 silly mapToRegistry   rawSpec: '',
12 silly mapToRegistry   spec: 'latest',
12 silly mapToRegistry   type: 'tag' }
13 silly mapToRegistry uri https://repo.usaa.com/artifactory/api/npm/usaa-npm/eslint-config-google
14 verbose request uri https://repo.usaa.com/artifactory/api/npm/usaa-npm/eslint-config-google
15 verbose request always-auth set; sending authorization
16 info attempt registry request try #1 at 10:42:27 AM
17 verbose request using bearer token for auth
18 verbose request id 5584cd0c6b6946dd
19 http request GET https://repo.usaa.com/artifactory/api/npm/usaa-npm/eslint-config-google
20 http 404 https://repo.usaa.com/artifactory/api/npm/usaa-npm/eslint-config-google
21 verbose headers { date: 'Wed, 09 May 2018 15:42:27 GMT',
21 verbose headers   server: 'Artifactory/5.10.3',
21 verbose headers   'x-artifactory-id': '1e4c0f83b205e962fdfaa33bf39b983494f25377',
21 verbose headers   'x-artifactory-node-id': 'prodrepo101as1l',
21 verbose headers   'content-type': 'application/json',
21 verbose headers   connection: 'close',
21 verbose headers   'transfer-encoding': 'chunked' }
22 silly get cb [ 404,
22 silly get   { date: 'Wed, 09 May 2018 15:42:27 GMT',
22 silly get     server: 'Artifactory/5.10.3',
22 silly get     'x-artifactory-id': '1e4c0f83b205e962fdfaa33bf39b983494f25377',
22 silly get     'x-artifactory-node-id': 'prodrepo101as1l',
22 silly get     'content-type': 'application/json',
22 silly get     connection: 'close',
22 silly get     'transfer-encoding': 'chunked' } ]
23 silly fetchPackageMetaData Error: 404 Not Found: artifactory
23 silly fetchPackageMetaData     at makeError (C:\Program Files\nodejs\node_modules\npm\node_modules\npm-registry-client\lib\request.js:264:12)
23 silly fetchPackageMetaData     at CachingRegistryClient.<anonymous> (C:\Program Files\nodejs\node_modules\npm\node_modules\npm-registry-client\lib\request.js:250:14)
23 silly fetchPackageMetaData     at Request._callback (C:\Program Files\nodejs\node_modules\npm\node_modules\npm-registry-client\lib\request.js:172:14)
23 silly fetchPackageMetaData     at Request.self.callback (C:\Program Files\nodejs\node_modules\npm\node_modules\request\request.js:199:22)
23 silly fetchPackageMetaData     at emitTwo (events.js:106:13)
23 silly fetchPackageMetaData     at Request.emit (events.js:191:7)
23 silly fetchPackageMetaData     at Request.<anonymous> (C:\Program Files\nodejs\node_modules\npm\node_modules\request\request.js:1036:10)
23 silly fetchPackageMetaData     at emitOne (events.js:101:20)
23 silly fetchPackageMetaData     at Request.emit (events.js:188:7)
23 silly fetchPackageMetaData     at IncomingMessage.<anonymous> (C:\Program Files\nodejs\node_modules\npm\node_modules\request\request.js:963:12)
23 silly fetchPackageMetaData  error for eslint-config-google@latest { Error: 404 Not Found: artifactory
23 silly fetchPackageMetaData     at makeError (C:\Program Files\nodejs\node_modules\npm\node_modules\npm-registry-client\lib\request.js:264:12)
23 silly fetchPackageMetaData     at CachingRegistryClient.<anonymous> (C:\Program Files\nodejs\node_modules\npm\node_modules\npm-registry-client\lib\request.js:250:14)
23 silly fetchPackageMetaData     at Request._callback (C:\Program Files\nodejs\node_modules\npm\node_modules\npm-registry-client\lib\request.js:172:14)
23 silly fetchPackageMetaData     at Request.self.callback (C:\Program Files\nodejs\node_modules\npm\node_modules\request\request.js:199:22)
23 silly fetchPackageMetaData     at emitTwo (events.js:106:13)
23 silly fetchPackageMetaData     at Request.emit (events.js:191:7)
23 silly fetchPackageMetaData     at Request.<anonymous> (C:\Program Files\nodejs\node_modules\npm\node_modules\request\request.js:1036:10)
23 silly fetchPackageMetaData     at emitOne (events.js:101:20)
23 silly fetchPackageMetaData     at Request.emit (events.js:188:7)
23 silly fetchPackageMetaData     at IncomingMessage.<anonymous> (C:\Program Files\nodejs\node_modules\npm\node_modules\request\request.js:963:12) pkgid: 'artifactory', statusCode: 404, code: 'E404' }
24 silly rollbackFailedOptional Starting
25 silly rollbackFailedOptional Finishing
26 silly runTopLevelLifecycles Starting
27 silly runTopLevelLifecycles Finishing
28 silly install printInstalled
29 verbose stack Error: 404 Not Found: artifactory
29 verbose stack     at makeError (C:\Program Files\nodejs\node_modules\npm\node_modules\npm-registry-client\lib\request.js:264:12)
29 verbose stack     at CachingRegistryClient.<anonymous> (C:\Program Files\nodejs\node_modules\npm\node_modules\npm-registry-client\lib\request.js:250:14)
29 verbose stack     at Request._callback (C:\Program Files\nodejs\node_modules\npm\node_modules\npm-registry-client\lib\request.js:172:14)
29 verbose stack     at Request.self.callback (C:\Program Files\nodejs\node_modules\npm\node_modules\request\request.js:199:22)
29 verbose stack     at emitTwo (events.js:106:13)
29 verbose stack     at Request.emit (events.js:191:7)
29 verbose stack     at Request.<anonymous> (C:\Program Files\nodejs\node_modules\npm\node_modules\request\request.js:1036:10)
29 verbose stack     at emitOne (events.js:101:20)
29 verbose stack     at Request.emit (events.js:188:7)
29 verbose stack     at IncomingMessage.<anonymous> (C:\Program Files\nodejs\node_modules\npm\node_modules\request\request.js:963:12)
30 verbose statusCode 404
31 verbose pkgid artifactory
32 verbose cwd C:\codebase\Personal\movieCatalog
33 error Windows_NT 10.0.14393
34 error argv "C:\\Program Files\\nodejs\\node.exe" "C:\\Program Files\\nodejs\\node_modules\\npm\\bin\\npm-cli.js" "i" "--save-dev" "eslint-config-google@latest"
35 error node v6.1.0
36 error npm  v3.8.6
37 error code E404
38 error 404 Not Found: artifactory
39 error 404
40 error 404 'artifactory' is not in the npm registry.
41 error 404 You should bug the author to publish it (or use the name yourself!)
42 error 404 Note that you can also install from a
43 error 404 tarball, folder, http url, or git url.
44 verbose exit [ 1, true ]
